<?xml version="1.0" encoding="UTF-8"?>
<!-- Generated by org.testng.reporters.JUnitXMLReporter -->
<testsuite ignored="2" hostname="DESKTOP-1VN6NSF" failures="2" tests="6" name="Test" time="54.723" errors="0" timestamp="2023-11-23T15:43:26 IST">
  <testcase classname="com.practiceTestNG.PracticeAssert" name="assertStringTest" time="2.931">
    <skipped/>
  </testcase> <!-- assertStringTest -->
  <testcase classname="com.practiceTestNG.PracticeAssert" name="assertStringTest" time="0.749">
    <skipped/>
  </testcase> <!-- assertStringTest -->
  <testcase classname="com.practiceTestNG.PracticeAssert" name="assertStringTest" time="0.634">
    <failure type="java.lang.AssertionError" message="Match Found expected [Staff] but found [StaffLogin]">
      <![CDATA[java.lang.AssertionError: Match Found expected [Staff] but found [StaffLogin]
at com.banking.bixi.POM.BixiStaffLoginPage.stafftextverify(BixiStaffLoginPage.java:55)
at com.practiceTestNG.PracticeAssert.assertStringTest(PracticeAssert.java:17)
at java.base/java.util.ArrayList.forEach(ArrayList.java:1511)
at java.base/java.util.concurrent.FutureTask.run(FutureTask.java:264)
at java.base/java.util.concurrent.ThreadPoolExecutor.runWorker(ThreadPoolExecutor.java:1136)
at java.base/java.util.concurrent.ThreadPoolExecutor$Worker.run(ThreadPoolExecutor.java:635)
at java.base/java.lang.Thread.run(Thread.java:842)
... Removed 22 stack frames]]>
    </failure>
  </testcase> <!-- assertStringTest -->
  <testcase classname="com.practiceTestNG.PracticeAssert" name="assertStringTest1" time="2.2"/>
  <testcase classname="com.practiceTestNG.PracticeTest" name="practtest1" time="0.02"/>
  <testcase classname="com.practiceTestNG.PracticeTest" name="practtest2" time="0.017">
    <failure type="java.lang.AssertionError" message="null">
      <![CDATA[java.lang.AssertionError: null
at com.practiceTestNG.PracticeTest.practtest2(PracticeTest.java:17)
at java.base/java.util.ArrayList.forEach(ArrayList.java:1511)
at java.base/java.util.concurrent.FutureTask.run(FutureTask.java:264)
at java.base/java.util.concurrent.ThreadPoolExecutor.runWorker(ThreadPoolExecutor.java:1136)
at java.base/java.util.concurrent.ThreadPoolExecutor$Worker.run(ThreadPoolExecutor.java:635)
at java.base/java.lang.Thread.run(Thread.java:842)
... Removed 19 stack frames]]>
    </failure>
  </testcase> <!-- practtest2 -->
  <testcase classname="com.banking.bixi.GenericUtils.BaseClass" name="@AfterSuite disconnect_DB" time="0.0">
    <ignored/>
  </testcase> <!-- @AfterSuite disconnect_DB -->
  <testcase classname="com.banking.bixi.GenericUtils.BaseClass" name="@BeforeSuite connect_DB" time="0.0">
    <ignored/>
  </testcase> <!-- @BeforeSuite connect_DB -->
</testsuite> <!-- Test -->
